<?xml version="1.0" encoding="UTF-8"?>
<testsuite xmlns:xsi="http://www.w3.org/2001/XMLSchema-instance" xsi:noNamespaceSchemaLocation="https://maven.apache.org/surefire/maven-surefire-plugin/xsd/surefire-test-report-3.0.xsd" version="3.0" name="TestSuite" time="48.705" tests="1" errors="0" skipped="0" failures="0">
  <properties>
[...]
</properties>
  <testcase name="validLoginTest[standard_user, secret_sauce](1)" classname="com.jktech.TestCases.LoginTest" time="10.076">
    <system-out><![CDATA[Credentials are validated and navigated to home page
validLoginTest
]]></system-out>
    <system-err><![CDATA[Jan 10, 2024 10:50:49 AM org.openqa.selenium.devtools.CdpVersionFinder findNearestMatch
WARNING: Unable to find an exact match for CDP version 120, returning the closest version; found: 118; Please update to a Selenium version that supports CDP version 120
]]></system-err>
  </testcase>
</testsuite>